This is pdfTeX, Version 3.14159265-2.6-1.40.21 (TeX Live 2020/Arch Linux) (preloaded format=pdflatex 2021.5.11)  24 MAY 2021 08:22
entering extended mode
 restricted \write18 enabled.
 file:line:error style messages enabled.
 %&-line parsing enabled.
**mainFile.tex
(./mainFile.tex
LaTeX2e <2020-10-01> patch level 2
L3 programming layer <2020-12-03> xparse <2020-03-03> (/usr/share/texmf-dist/tex/latex/base/article.cls
Document Class: article 2020/04/10 v1.4m Standard LaTeX document class
(/usr/share/texmf-dist/tex/latex/base/size10.clo
File: size10.clo 2020/04/10 v1.4m Standard LaTeX file (size option)
)
\c@part=\count177
\c@section=\count178
\c@subsection=\count179
\c@subsubsection=\count180
\c@paragraph=\count181
\c@subparagraph=\count182
\c@figure=\count183
\c@table=\count184
\abovecaptionskip=\skip47
\belowcaptionskip=\skip48
\bibindent=\dimen138
) (/usr/share/texmf-dist/tex/latex/graphics/graphicx.sty
Package: graphicx 2020/09/09 v1.2b Enhanced LaTeX Graphics (DPC,SPQR)
 (/usr/share/texmf-dist/tex/latex/graphics/keyval.sty
Package: keyval 2014/10/28 v1.15 key=value parser (DPC)
\KV@toks@=\toks15
) (/usr/share/texmf-dist/tex/latex/graphics/graphics.sty
Package: graphics 2020/08/30 v1.4c Standard LaTeX Graphics (DPC,SPQR)
 (/usr/share/texmf-dist/tex/latex/graphics/trig.sty
Package: trig 2016/01/03 v1.10 sin cos tan (DPC)
) (/usr/share/texmf-dist/tex/latex/graphics-cfg/graphics.cfg
File: graphics.cfg 2016/06/04 v1.11 sample graphics configuration
)
Package graphics Info: Driver file: pdftex.def on input line 105.
 (/usr/share/texmf-dist/tex/latex/graphics-def/pdftex.def
File: pdftex.def 2020/10/05 v1.2a Graphics/color driver for pdftex
))
\Gin@req@height=\dimen139
\Gin@req@width=\dimen140
) (/usr/share/texmf-dist/tex/latex/l3backend/l3backend-pdftex.def
File: l3backend-pdftex.def 2020-09-24 L3 backend support: PDF output (pdfTeX)
\l__kernel_color_stack_int=\count185
\l__pdf_internal_box=\box47
) (./mainFile.aux)
LaTeX Font Info:    Checking defaults for OML/cmm/m/it on input line 10.
LaTeX Font Info:    ... okay on input line 10.
LaTeX Font Info:    Checking defaults for OMS/cmsy/m/n on input line 10.
LaTeX Font Info:    ... okay on input line 10.
LaTeX Font Info:    Checking defaults for OT1/cmr/m/n on input line 10.
LaTeX Font Info:    ... okay on input line 10.
LaTeX Font Info:    Checking defaults for T1/cmr/m/n on input line 10.
LaTeX Font Info:    ... okay on input line 10.
LaTeX Font Info:    Checking defaults for TS1/cmr/m/n on input line 10.
LaTeX Font Info:    ... okay on input line 10.
LaTeX Font Info:    Checking defaults for OMX/cmex/m/n on input line 10.
LaTeX Font Info:    ... okay on input line 10.
LaTeX Font Info:    Checking defaults for U/cmr/m/n on input line 10.
LaTeX Font Info:    ... okay on input line 10.
 (/usr/share/texmf-dist/tex/context/base/mkii/supp-pdf.mkii
[Loading MPS to PDF converter (version 2006.09.02).]
\scratchcounter=\count186
\scratchdimen=\dimen141
\scratchbox=\box48
\nofMPsegments=\count187
\nofMParguments=\count188
\everyMPshowfont=\toks16
\MPscratchCnt=\count189
\MPscratchDim=\dimen142
\MPnumerator=\count190
\makeMPintoPDFobject=\count191
\everyMPtoPDFconversion=\toks17
) (/usr/share/texmf-dist/tex/latex/epstopdf-pkg/epstopdf-base.sty
Package: epstopdf-base 2020-01-24 v2.11 Base part for package epstopdf
Package epstopdf-base Info: Redefining graphics rule for `.eps' on input line 485.
 (/usr/share/texmf-dist/tex/latex/latexconfig/epstopdf-sys.cfg
File: epstopdf-sys.cfg 2010/07/13 v1.3 Configuration of (r)epstopdf for TeX Live
))
LaTeX Font Info:    External font `cmex10' loaded for size
(Font)              <17.28> on input line 11.
LaTeX Font Info:    External font `cmex10' loaded for size
(Font)              <12> on input line 11.
LaTeX Font Info:    External font `cmex10' loaded for size
(Font)              <8> on input line 11.
LaTeX Font Info:    External font `cmex10' loaded for size
(Font)              <6> on input line 11.
LaTeX Font Info:    External font `cmex10' loaded for size
(Font)              <7> on input line 15.
LaTeX Font Info:    External font `cmex10' loaded for size
(Font)              <5> on input line 15.
 [1

{/var/lib/texmf/fonts/map/pdftex/updmap/pdftex.map}]
Overfull \hbox (6.08392pt too wide) in paragraph at lines 70--71
[]\OT1/cmr/m/n/10 Rota[]ia unei par-tic-ule ^^^Pnc^^Uarcate elec-tric, cum este pro-tonul, de-ter-min^a apari[]ia
 []

[2]
Overfull \hbox (21.54971pt too wide) in paragraph at lines 75--75
[]\OT1/cmr/bx/n/12 ETAPELE OB[]INERII IMAG-INII PRIN REZONAN[][]A
 []


Overfull \hbox (2.38948pt too wide) in paragraph at lines 80--81
[][]\OT1/cmr/m/n/10 In condi[]ii obi[]nuite, ori-entarea micromagne[]ilor reprezenta[]i de nu-cleii atom-
 []

[3]
Overfull \hbox (0.18704pt too wide) in paragraph at lines 114--114
[]\OT1/cmr/bx/n/12 DIFEREN[][]A FA[][]A DE ALTE PRO-CE-DURI IMAG-
 []

[4]
Overfull \hbox (4.63933pt too wide) in paragraph at lines 180--181
[]\OT1/cmr/m/n/10 Tehnica excita[]iei se-lec-tive este apli-cat^^Ua pen-tru a alege planul ce va fi reprezen-
 []

[5]
Overfull \hbox (16.55121pt too wide) in paragraph at lines 197--197
[]\OT1/cmr/bx/n/12 INVESTIGAREA CREIERU-LUI []I STRUC-TURILOR
 []


Overfull \hbox (9.24959pt too wide) in paragraph at lines 199--200
\OT1/cmr/m/n/10 Scleroza mul-tipl^^Ua (SM) este o en-ti-tate pa-to-logic^^Ua neu-ro-logic^^Ua in-val-i-dant^^Ua, frecvent^^Ua
 []

<exampleVue1.png, id=29, 2067.725pt x 2111.89pt>
File: exampleVue1.png Graphic file (type png)
<use exampleVue1.png>
Package pdftex.def Info: exampleVue1.png  used on input line 213.
(pdftex.def)             Requested size: 345.0pt x 352.34602pt.
[6]
LaTeX Font Info:    External font `cmex10' loaded for size
(Font)              <14.4> on input line 234.
 [7 <./exampleVue1.png>] [8] (./mainFile.aux) ) 
Here is how much of TeX's memory you used:
 1212 strings out of 479383
 17965 string characters out of 5875830
 302103 words of memory out of 5000000
 18357 multiletter control sequences out of 15000+600000
 409871 words of font info for 48 fonts, out of 8000000 for 9000
 1141 hyphenation exceptions out of 8191
 66i,12n,72p,446b,239s stack positions out of 5000i,500n,10000p,200000b,80000s
{/usr/share/texmf-dist/fonts/enc/dvips/cm-super/cm-super-ts1.enc}</usr/share/texmf-dist/fonts/type1/public/amsfonts/cm/cmbx10.pfb></usr/share/texmf-dist/fonts/type1/public/amsfonts/cm/cmbx12.pfb></usr/share/texmf-dist/fonts/type1/public/amsfonts/cm/cmbx6.pfb></usr/share/texmf-dist/fonts/type1/public/amsfonts/cm/cmbx8.pfb></usr/share/texmf-dist/fonts/type1/public/amsfonts/cm/cmmi10.pfb></usr/share/texmf-dist/fonts/type1/public/amsfonts/cm/cmr10.pfb></usr/share/texmf-dist/fonts/type1/public/amsfonts/cm/cmr12.pfb></usr/share/texmf-dist/fonts/type1/public/amsfonts/cm/cmr17.pfb></usr/share/texmf-dist/fonts/type1/public/amsfonts/cm/cmr5.pfb></usr/share/texmf-dist/fonts/type1/public/amsfonts/cm/cmr6.pfb></usr/share/texmf-dist/fonts/type1/public/amsfonts/cm/cmr7.pfb></usr/share/texmf-dist/fonts/type1/public/cm-super/sfrm1000.pfb>
Output written on mainFile.pdf (8 pages, 327794 bytes).
PDF statistics:
 83 PDF objects out of 1000 (max. 8388607)
 58 compressed objects within 1 object stream
 0 named destinations out of 1000 (max. 500000)
 6 words of extra memory for PDF output out of 10000 (max. 10000000)

